<?xml version="1.0" encoding="UTF-8"?>
<testng-results ignored="0" total="1" passed="1" failed="0" skipped="0">
  <reporter-output>
  </reporter-output>
  <suite started-at="2020-08-03T21:45:50 IST" name="Default suite" finished-at="2020-08-03T21:45:54 IST" duration-ms="3933">
    <groups>
    </groups>
    <test started-at="2020-08-03T21:45:50 IST" name="Default test" finished-at="2020-08-03T21:45:54 IST" duration-ms="3933">
      <class name="apiPratice.ApiProject.Post">
        <test-method signature="postMethod()[pri:0, instance:apiPratice.ApiProject.Post@11dc3715]" started-at="2020-08-03T21:45:50 IST" name="postMethod" finished-at="2020-08-03T21:45:54 IST" duration-ms="3885" status="PASS">
          <reporter-output>
          </reporter-output>
        </test-method> <!-- postMethod -->
      </class> <!-- apiPratice.ApiProject.Post -->
    </test> <!-- Default test -->
  </suite> <!-- Default suite -->
</testng-results>
